<?xml version="1.0" encoding="UTF-8"?>
<!-- Generated by org.testng.reporters.JUnitReportReporter -->
<testsuite hostname="DESKTOP-QQJINFP" failures="0" tests="1" name="Edit.EducacionIT_61772.AccesoABaseDeDatos" time="0.426" errors="0" timestamp="2023-03-01T21:10:04 ART" skipped="0">
  <testcase classname="Edit.EducacionIT_61772.AccesoABaseDeDatos" name="testBaseDeDatos" time="0.426"/>
  <system-out/>
</testsuite> <!-- Edit.EducacionIT_61772.AccesoABaseDeDatos -->
